[2026-03-08T17:41:59.848Z] Plugin initialized: 31 commands [
  "gsd-pause-work",
  "gsd-audit-milestone",
  "gsd-verify-work",
  "gsd-plan-phase",
  "gsd-new-project",
  "gsd-add-tests",
  "gsd-complete-milestone",
  "gsd-plan-milestone-gaps",
  "gsd-remove-phase",
  "gsd-quick",
  "gsd-debug",
  "gsd-check-todos",
  "gsd-list-phase-assumptions",
  "gsd-cleanup",
  "gsd-discuss-phase",
  "gsd-settings",
  "gsd-reapply-patches",
  "gsd-set-profile",
  "gsd-update",
  "gsd-add-todo",
  "gsd-resume-work",
  "gsd-join-discord",
  "gsd-map-codebase",
  "gsd-execute-phase",
  "gsd-progress",
  "gsd-new-milestone",
  "gsd-insert-phase",
  "gsd-health",
  "gsd-research-phase",
  "gsd-help",
  "gsd-add-phase"
]
[2026-03-08T17:41:59.849Z] Registered /subtask command
[2026-03-08T17:43:12.531Z] message-hooks: ENTRY msgCount=1, sessions=ses_331743aa8ffeEJ6FJC4P0gvaYh
[2026-03-08T17:43:12.531Z] message-hooks: MESSAGES: [0]user: text:"@quickstart_certs/ this is a document fo...", file, text:"Called the Read tool with the following ..."(syn), text:"<path>/Users/nk/Documents/per/experiment..."(syn), text:"<system-reminder>
# Plan Mode - System R..."(syn)
[2026-03-08T17:43:12.531Z] message-hooks: post-filter, msgCount=1
[2026-03-08T17:43:12.531Z] message-hooks: about to search for OPENCODE_GENERIC
[2026-03-08T17:43:12.531Z] message-hooks: searching 1 messages for OPENCODE_GENERIC
[2026-03-08T17:43:12.531Z] message-hooks: found synthetic text at [0]: "Called the Read tool with the following input: {"f..." matches=false
[2026-03-08T17:43:12.531Z] message-hooks: found synthetic text at [0]: "<path>/Users/nk/Documents/per/experiments/clickhou..." matches=false
[2026-03-08T17:43:12.531Z] message-hooks: found synthetic text at [0]: "<system-reminder>
# Plan Mode - System Reminder

C..." matches=false
[2026-03-08T17:43:12.531Z] message-hooks: generic search complete, found=false, index=-1
[2026-03-08T17:43:12.531Z] message-hooks: no generic part found, checking for pending prompt return
[2026-03-08T17:43:28.974Z] message-hooks: ENTRY msgCount=2, sessions=ses_331743aa8ffeEJ6FJC4P0gvaYh
[2026-03-08T17:43:28.974Z] message-hooks: MESSAGES: [0]user: text:"@quickstart_certs/ this is a document fo...", file, text:"Called the Read tool with the following ..."(syn), text:"<path>/Users/nk/Documents/per/experiment..."(syn), text:"<system-reminder>
# Plan Mode - System R..."(syn) | [1]assistant: step-start, reasoning, tool:completed, tool:completed, tool:completed, step-start, reasoning, tool:completed, tool:completed, step-finish, text:"
<prunable-tools>
The following tools ha..."
[2026-03-08T17:43:28.974Z] message-hooks: post-filter, msgCount=2
[2026-03-08T17:43:28.974Z] message-hooks: about to search for OPENCODE_GENERIC
[2026-03-08T17:43:28.974Z] message-hooks: searching 2 messages for OPENCODE_GENERIC
[2026-03-08T17:43:28.974Z] message-hooks: found synthetic text at [0]: "Called the Read tool with the following input: {"f..." matches=false
[2026-03-08T17:43:28.974Z] message-hooks: found synthetic text at [0]: "<path>/Users/nk/Documents/per/experiments/clickhou..." matches=false
[2026-03-08T17:43:28.974Z] message-hooks: found synthetic text at [0]: "<system-reminder>
# Plan Mode - System Reminder

C..." matches=false
[2026-03-08T17:43:28.974Z] message-hooks: generic search complete, found=false, index=-1
[2026-03-08T17:43:28.974Z] message-hooks: no generic part found, checking for pending prompt return
[2026-03-08T17:43:29.732Z] session.idle: sessionID=ses_331743aa8ffeEJ6FJC4P0gvaYh
[2026-03-08T17:43:29.736Z] session.idle: sessionID=ses_331743aa8ffeEJ6FJC4P0gvaYh
[2026-03-08T17:45:36.069Z] message-hooks: ENTRY msgCount=4, sessions=ses_331743aa8ffeEJ6FJC4P0gvaYh
[2026-03-08T17:45:36.069Z] message-hooks: MESSAGES: [0]user: text:"@quickstart_certs/ this is a document fo...", file, text:"Called the Read tool with the following ..."(syn), text:"<path>/Users/nk/Documents/per/experiment..."(syn) | [1]assistant: step-start, reasoning, tool:completed, tool:completed, tool:completed, step-start, reasoning, tool:completed, tool:completed, step-finish | [2]assistant:  | [3]user: text:"continue", text:"<system-reminder>
# Plan Mode - System R..."(syn), text:"
<prunable-tools>
The following tools ha..."
[2026-03-08T17:45:36.069Z] message-hooks: post-filter, msgCount=4
[2026-03-08T17:45:36.069Z] message-hooks: about to search for OPENCODE_GENERIC
[2026-03-08T17:45:36.069Z] message-hooks: searching 4 messages for OPENCODE_GENERIC
[2026-03-08T17:45:36.069Z] message-hooks: found synthetic text at [0]: "Called the Read tool with the following input: {"f..." matches=false
[2026-03-08T17:45:36.069Z] message-hooks: found synthetic text at [0]: "<path>/Users/nk/Documents/per/experiments/clickhou..." matches=false
[2026-03-08T17:45:36.069Z] message-hooks: found synthetic text at [3]: "<system-reminder>
# Plan Mode - System Reminder

C..." matches=false
[2026-03-08T17:45:36.069Z] message-hooks: generic search complete, found=false, index=-1
[2026-03-08T17:45:36.069Z] message-hooks: no generic part found, checking for pending prompt return
[2026-03-08T17:45:42.292Z] message-hooks: ENTRY msgCount=5, sessions=ses_331743aa8ffeEJ6FJC4P0gvaYh
[2026-03-08T17:45:42.292Z] message-hooks: MESSAGES: [0]user: text:"@quickstart_certs/ this is a document fo...", file, text:"Called the Read tool with the following ..."(syn), text:"<path>/Users/nk/Documents/per/experiment..."(syn) | [1]assistant: step-start, reasoning, tool:completed, tool:completed, tool:completed, step-start, reasoning, tool:completed, tool:completed, step-finish | [2]assistant:  | [3]user: text:"continue", text:"<system-reminder>
# Plan Mode - System R..."(syn) | [4]assistant: step-start, reasoning, text:"I see you want me to update the ClickHou...", tool:completed, tool:completed, step-finish, text:"
<prunable-tools>
The following tools ha..."
[2026-03-08T17:45:42.292Z] message-hooks: post-filter, msgCount=5
[2026-03-08T17:45:42.292Z] message-hooks: about to search for OPENCODE_GENERIC
[2026-03-08T17:45:42.292Z] message-hooks: searching 5 messages for OPENCODE_GENERIC
[2026-03-08T17:45:42.292Z] message-hooks: found synthetic text at [0]: "Called the Read tool with the following input: {"f..." matches=false
[2026-03-08T17:45:42.292Z] message-hooks: found synthetic text at [0]: "<path>/Users/nk/Documents/per/experiments/clickhou..." matches=false
[2026-03-08T17:45:42.292Z] message-hooks: found synthetic text at [3]: "<system-reminder>
# Plan Mode - System Reminder

C..." matches=false
[2026-03-08T17:45:42.292Z] message-hooks: generic search complete, found=false, index=-1
[2026-03-08T17:45:42.292Z] message-hooks: no generic part found, checking for pending prompt return
[2026-03-08T17:45:53.750Z] session.idle: sessionID=ses_331743aa8ffeEJ6FJC4P0gvaYh
[2026-03-08T17:50:10.242Z] message-hooks: ENTRY msgCount=7, sessions=ses_331743aa8ffeEJ6FJC4P0gvaYh
[2026-03-08T17:50:10.242Z] message-hooks: MESSAGES: [0]user: text:"@quickstart_certs/ this is a document fo...", file, text:"Called the Read tool with the following ..."(syn), text:"<path>/Users/nk/Documents/per/experiment..."(syn) | [1]assistant: step-start, reasoning, tool:completed, tool:completed, tool:completed, step-start, reasoning, tool:completed, tool:completed, step-finish | [2]assistant:  | [3]user: text:"continue" | [4]assistant: step-start, reasoning, text:"I see you want me to update the ClickHou...", tool:completed, tool:completed, step-finish | [5]assistant: step-start, reasoning, text:"I see the current README is an English g...", step-finish | [6]user: text:"confirm", text:"<system-reminder>
# Plan Mode - System R..."(syn), text:"
<prunable-tools>
The following tools ha..."
[2026-03-08T17:50:10.242Z] message-hooks: post-filter, msgCount=7
[2026-03-08T17:50:10.242Z] message-hooks: about to search for OPENCODE_GENERIC
[2026-03-08T17:50:10.242Z] message-hooks: searching 7 messages for OPENCODE_GENERIC
[2026-03-08T17:50:10.242Z] message-hooks: found synthetic text at [0]: "Called the Read tool with the following input: {"f..." matches=false
[2026-03-08T17:50:10.242Z] message-hooks: found synthetic text at [0]: "<path>/Users/nk/Documents/per/experiments/clickhou..." matches=false
[2026-03-08T17:50:10.242Z] message-hooks: found synthetic text at [6]: "<system-reminder>
# Plan Mode - System Reminder

C..." matches=false
[2026-03-08T17:50:10.242Z] message-hooks: generic search complete, found=false, index=-1
[2026-03-08T17:50:10.242Z] message-hooks: no generic part found, checking for pending prompt return
[2026-03-08T17:50:24.793Z] session.idle: sessionID=ses_331743aa8ffeEJ6FJC4P0gvaYh
[2026-03-08T17:50:48.213Z] message-hooks: ENTRY msgCount=9, sessions=ses_331743aa8ffeEJ6FJC4P0gvaYh
[2026-03-08T17:50:48.213Z] message-hooks: MESSAGES: [0]user: text:"@quickstart_certs/ this is a document fo...", file, text:"Called the Read tool with the following ..."(syn), text:"<path>/Users/nk/Documents/per/experiment..."(syn) | [1]assistant: step-start, reasoning, tool:completed, tool:completed, tool:completed, step-start, reasoning, tool:completed, tool:completed, step-finish | [2]assistant:  | [3]user: text:"continue" | [4]assistant: step-start, reasoning, text:"I see you want me to update the ClickHou...", tool:completed, tool:completed, step-finish | [5]assistant: step-start, reasoning, text:"I see the current README is an English g...", step-finish | [6]user: text:"confirm" | [7]assistant: step-start, reasoning, text:"I understand you want me to proceed. Sin...", step-finish | [8]user: text:"look good", text:"<system-reminder>
Your operational mode ..."(syn), text:"
<prunable-tools>
The following tools ha..."
[2026-03-08T17:50:48.213Z] message-hooks: post-filter, msgCount=9
[2026-03-08T17:50:48.213Z] message-hooks: about to search for OPENCODE_GENERIC
[2026-03-08T17:50:48.213Z] message-hooks: searching 9 messages for OPENCODE_GENERIC
[2026-03-08T17:50:48.213Z] message-hooks: found synthetic text at [0]: "Called the Read tool with the following input: {"f..." matches=false
[2026-03-08T17:50:48.213Z] message-hooks: found synthetic text at [0]: "<path>/Users/nk/Documents/per/experiments/clickhou..." matches=false
[2026-03-08T17:50:48.213Z] message-hooks: found synthetic text at [8]: "<system-reminder>
Your operational mode has change..." matches=false
[2026-03-08T17:50:48.213Z] message-hooks: generic search complete, found=false, index=-1
[2026-03-08T17:50:48.213Z] message-hooks: no generic part found, checking for pending prompt return
[2026-03-08T17:50:53.282Z] message-hooks: ENTRY msgCount=10, sessions=ses_331743aa8ffeEJ6FJC4P0gvaYh
[2026-03-08T17:50:53.282Z] message-hooks: MESSAGES: [0]user: text:"@quickstart_certs/ this is a document fo...", file, text:"Called the Read tool with the following ..."(syn), text:"<path>/Users/nk/Documents/per/experiment..."(syn) | [1]assistant: step-start, reasoning, tool:completed, tool:completed, tool:completed, step-start, reasoning, tool:completed, tool:completed, step-finish | [2]assistant:  | [3]user: text:"continue" | [4]assistant: step-start, reasoning, text:"I see you want me to update the ClickHou...", tool:completed, tool:completed, step-finish | [5]assistant: step-start, reasoning, text:"I see the current README is an English g...", step-finish | [6]user: text:"confirm" | [7]assistant: step-start, reasoning, text:"I understand you want me to proceed. Sin...", step-finish | [8]user: text:"look good", text:"<system-reminder>
Your operational mode ..."(syn) | [9]assistant: step-start, reasoning, tool:completed, tool:completed, tool:completed, step-finish, text:"
<prunable-tools>
The following tools ha..."
[2026-03-08T17:50:53.282Z] message-hooks: post-filter, msgCount=10
[2026-03-08T17:50:53.282Z] message-hooks: about to search for OPENCODE_GENERIC
[2026-03-08T17:50:53.282Z] message-hooks: searching 10 messages for OPENCODE_GENERIC
[2026-03-08T17:50:53.282Z] message-hooks: found synthetic text at [0]: "Called the Read tool with the following input: {"f..." matches=false
[2026-03-08T17:50:53.282Z] message-hooks: found synthetic text at [0]: "<path>/Users/nk/Documents/per/experiments/clickhou..." matches=false
[2026-03-08T17:50:53.282Z] message-hooks: found synthetic text at [8]: "<system-reminder>
Your operational mode has change..." matches=false
[2026-03-08T17:50:53.282Z] message-hooks: generic search complete, found=false, index=-1
[2026-03-08T17:50:53.282Z] message-hooks: no generic part found, checking for pending prompt return
[2026-03-08T17:51:03.759Z] message-hooks: ENTRY msgCount=12, sessions=ses_331743aa8ffeEJ6FJC4P0gvaYh
[2026-03-08T17:51:03.759Z] message-hooks: MESSAGES: [0]user: text:"@quickstart_certs/ this is a document fo...", file, text:"Called the Read tool with the following ..."(syn), text:"<path>/Users/nk/Documents/per/experiment..."(syn) | [1]assistant: step-start, reasoning, tool:completed, tool:completed, tool:completed, step-start, reasoning, tool:completed, tool:completed, step-finish | [2]assistant:  | [3]user: text:"continue" | [4]assistant: step-start, reasoning, text:"I see you want me to update the ClickHou...", tool:completed, tool:completed, step-finish | [5]assistant: step-start, reasoning, text:"I see the current README is an English g...", step-finish | [6]user: text:"confirm" | [7]assistant: step-start, reasoning, text:"I understand you want me to proceed. Sin...", step-finish | [8]user: text:"look good" | [9]assistant: step-start, reasoning, tool:completed, tool:completed, tool:completed, step-finish | [10]assistant: step-start, reasoning, tool:completed, step-finish | [11]user: text:"▣ DCP | ~11.6K tokens saved total

▣ Pru...", text:"<system-reminder>
Your operational mode ..."(syn), text:"
<context-info>
Context management was j..."
[2026-03-08T17:51:03.759Z] message-hooks: post-filter, msgCount=12
[2026-03-08T17:51:03.759Z] message-hooks: about to search for OPENCODE_GENERIC
[2026-03-08T17:51:03.759Z] message-hooks: searching 12 messages for OPENCODE_GENERIC
[2026-03-08T17:51:03.759Z] message-hooks: found synthetic text at [0]: "Called the Read tool with the following input: {"f..." matches=false
[2026-03-08T17:51:03.759Z] message-hooks: found synthetic text at [0]: "<path>/Users/nk/Documents/per/experiments/clickhou..." matches=false
[2026-03-08T17:51:03.759Z] message-hooks: found synthetic text at [11]: "<system-reminder>
Your operational mode has change..." matches=false
[2026-03-08T17:51:03.759Z] message-hooks: generic search complete, found=false, index=-1
[2026-03-08T17:51:03.759Z] message-hooks: no generic part found, checking for pending prompt return
[2026-03-08T17:52:38.335Z] message-hooks: ENTRY msgCount=13, sessions=ses_331743aa8ffeEJ6FJC4P0gvaYh
[2026-03-08T17:52:38.335Z] message-hooks: MESSAGES: [0]user: text:"@quickstart_certs/ this is a document fo...", file, text:"Called the Read tool with the following ..."(syn), text:"<path>/Users/nk/Documents/per/experiment..."(syn) | [1]assistant: step-start, reasoning, tool:completed, tool:completed, tool:completed, step-start, reasoning, tool:completed, tool:completed, step-finish | [2]assistant:  | [3]user: text:"continue" | [4]assistant: step-start, reasoning, text:"I see you want me to update the ClickHou...", tool:completed, tool:completed, step-finish | [5]assistant: step-start, reasoning, text:"I see the current README is an English g...", step-finish | [6]user: text:"confirm" | [7]assistant: step-start, reasoning, text:"I understand you want me to proceed. Sin...", step-finish | [8]user: text:"look good" | [9]assistant: step-start, reasoning, tool:completed, tool:completed, tool:completed, step-finish | [10]assistant: step-start, reasoning, tool:completed, step-finish | [11]user: text:"▣ DCP | ~11.6K tokens saved total

▣ Pru...", text:"<system-reminder>
Your operational mode ..."(syn) | [12]assistant: step-start, reasoning, tool:completed, step-finish, patch, text:"
<prunable-tools>
The following tools ha..."
[2026-03-08T17:52:38.335Z] message-hooks: post-filter, msgCount=13
[2026-03-08T17:52:38.335Z] message-hooks: about to search for OPENCODE_GENERIC
[2026-03-08T17:52:38.335Z] message-hooks: searching 13 messages for OPENCODE_GENERIC
[2026-03-08T17:52:38.335Z] message-hooks: found synthetic text at [0]: "Called the Read tool with the following input: {"f..." matches=false
[2026-03-08T17:52:38.335Z] message-hooks: found synthetic text at [0]: "<path>/Users/nk/Documents/per/experiments/clickhou..." matches=false
[2026-03-08T17:52:38.335Z] message-hooks: found synthetic text at [11]: "<system-reminder>
Your operational mode has change..." matches=false
[2026-03-08T17:52:38.335Z] message-hooks: generic search complete, found=false, index=-1
[2026-03-08T17:52:38.335Z] message-hooks: no generic part found, checking for pending prompt return
[2026-03-08T17:53:03.185Z] message-hooks: ENTRY msgCount=14, sessions=ses_331743aa8ffeEJ6FJC4P0gvaYh
[2026-03-08T17:53:03.185Z] message-hooks: MESSAGES: [0]user: text:"@quickstart_certs/ this is a document fo...", file, text:"Called the Read tool with the following ..."(syn), text:"<path>/Users/nk/Documents/per/experiment..."(syn) | [1]assistant: step-start, reasoning, tool:completed, tool:completed, tool:completed, step-start, reasoning, tool:completed, tool:completed, step-finish | [2]assistant:  | [3]user: text:"continue" | [4]assistant: step-start, reasoning, text:"I see you want me to update the ClickHou...", tool:completed, tool:completed, step-finish | [5]assistant: step-start, reasoning, text:"I see the current README is an English g...", step-finish | [6]user: text:"confirm" | [7]assistant: step-start, reasoning, text:"I understand you want me to proceed. Sin...", step-finish | [8]user: text:"look good" | [9]assistant: step-start, reasoning, tool:completed, tool:completed, tool:completed, step-finish | [10]assistant: step-start, reasoning, tool:completed, step-finish | [11]user: text:"▣ DCP | ~11.6K tokens saved total

▣ Pru...", text:"<system-reminder>
Your operational mode ..."(syn) | [12]assistant: step-start, reasoning, tool:completed, step-finish, patch | [13]assistant: step-start, reasoning, tool:completed, tool:completed, tool:completed, step-finish, patch, text:"
<prunable-tools>
The following tools ha..."
[2026-03-08T17:53:03.185Z] message-hooks: post-filter, msgCount=14
[2026-03-08T17:53:03.185Z] message-hooks: about to search for OPENCODE_GENERIC
[2026-03-08T17:53:03.185Z] message-hooks: searching 14 messages for OPENCODE_GENERIC
[2026-03-08T17:53:03.185Z] message-hooks: found synthetic text at [0]: "Called the Read tool with the following input: {"f..." matches=false
[2026-03-08T17:53:03.185Z] message-hooks: found synthetic text at [0]: "<path>/Users/nk/Documents/per/experiments/clickhou..." matches=false
[2026-03-08T17:53:03.185Z] message-hooks: found synthetic text at [11]: "<system-reminder>
Your operational mode has change..." matches=false
[2026-03-08T17:53:03.185Z] message-hooks: generic search complete, found=false, index=-1
[2026-03-08T17:53:03.185Z] message-hooks: no generic part found, checking for pending prompt return
[2026-03-08T17:53:52.899Z] message-hooks: ENTRY msgCount=15, sessions=ses_331743aa8ffeEJ6FJC4P0gvaYh
[2026-03-08T17:53:52.899Z] message-hooks: MESSAGES: [0]user: text:"@quickstart_certs/ this is a document fo...", file, text:"Called the Read tool with the following ..."(syn), text:"<path>/Users/nk/Documents/per/experiment..."(syn) | [1]assistant: step-start, reasoning, tool:completed, tool:completed, tool:completed, step-start, reasoning, tool:completed, tool:completed, step-finish | [2]assistant:  | [3]user: text:"continue" | [4]assistant: step-start, reasoning, text:"I see you want me to update the ClickHou...", tool:completed, tool:completed, step-finish | [5]assistant: step-start, reasoning, text:"I see the current README is an English g...", step-finish | [6]user: text:"confirm" | [7]assistant: step-start, reasoning, text:"I understand you want me to proceed. Sin...", step-finish | [8]user: text:"look good" | [9]assistant: step-start, reasoning, tool:completed, tool:completed, tool:completed, step-finish | [10]assistant: step-start, reasoning, tool:completed, step-finish | [11]user: text:"▣ DCP | ~11.6K tokens saved total

▣ Pru...", text:"<system-reminder>
Your operational mode ..."(syn) | [12]assistant: step-start, reasoning, tool:completed, step-finish, patch | [13]assistant: step-start, reasoning, tool:completed, tool:completed, tool:completed, step-finish, patch | [14]assistant: step-start, reasoning, tool:completed, tool:completed, step-finish, patch, text:"
<prunable-tools>
The following tools ha..."
[2026-03-08T17:53:52.899Z] message-hooks: post-filter, msgCount=15
[2026-03-08T17:53:52.899Z] message-hooks: about to search for OPENCODE_GENERIC
[2026-03-08T17:53:52.899Z] message-hooks: searching 15 messages for OPENCODE_GENERIC
[2026-03-08T17:53:52.899Z] message-hooks: found synthetic text at [0]: "Called the Read tool with the following input: {"f..." matches=false
[2026-03-08T17:53:52.899Z] message-hooks: found synthetic text at [0]: "<path>/Users/nk/Documents/per/experiments/clickhou..." matches=false
[2026-03-08T17:53:52.899Z] message-hooks: found synthetic text at [11]: "<system-reminder>
Your operational mode has change..." matches=false
[2026-03-08T17:53:52.899Z] message-hooks: generic search complete, found=false, index=-1
[2026-03-08T17:53:52.899Z] message-hooks: no generic part found, checking for pending prompt return
[2026-03-08T17:53:56.566Z] message-hooks: ENTRY msgCount=16, sessions=ses_331743aa8ffeEJ6FJC4P0gvaYh
[2026-03-08T17:53:56.566Z] message-hooks: MESSAGES: [0]user: text:"@quickstart_certs/ this is a document fo...", file, text:"Called the Read tool with the following ..."(syn), text:"<path>/Users/nk/Documents/per/experiment..."(syn) | [1]assistant: step-start, reasoning, tool:completed, tool:completed, tool:completed, step-start, reasoning, tool:completed, tool:completed, step-finish | [2]assistant:  | [3]user: text:"continue" | [4]assistant: step-start, reasoning, text:"I see you want me to update the ClickHou...", tool:completed, tool:completed, step-finish | [5]assistant: step-start, reasoning, text:"I see the current README is an English g...", step-finish | [6]user: text:"confirm" | [7]assistant: step-start, reasoning, text:"I understand you want me to proceed. Sin...", step-finish | [8]user: text:"look good" | [9]assistant: step-start, reasoning, tool:completed, tool:completed, tool:completed, step-finish | [10]assistant: step-start, reasoning, tool:completed, step-finish | [11]user: text:"▣ DCP | ~11.6K tokens saved total

▣ Pru...", text:"<system-reminder>
Your operational mode ..."(syn) | [12]assistant: step-start, reasoning, tool:completed, step-finish, patch | [13]assistant: step-start, reasoning, tool:completed, tool:completed, tool:completed, step-finish, patch | [14]assistant: step-start, reasoning, tool:completed, tool:completed, step-finish, patch | [15]assistant: step-start, reasoning, tool:completed, step-finish, patch, text:"
<prunable-tools>
The following tools ha..."
[2026-03-08T17:53:56.566Z] message-hooks: post-filter, msgCount=16
[2026-03-08T17:53:56.566Z] message-hooks: about to search for OPENCODE_GENERIC
[2026-03-08T17:53:56.566Z] message-hooks: searching 16 messages for OPENCODE_GENERIC
[2026-03-08T17:53:56.566Z] message-hooks: found synthetic text at [0]: "Called the Read tool with the following input: {"f..." matches=false
[2026-03-08T17:53:56.566Z] message-hooks: found synthetic text at [0]: "<path>/Users/nk/Documents/per/experiments/clickhou..." matches=false
[2026-03-08T17:53:56.566Z] message-hooks: found synthetic text at [11]: "<system-reminder>
Your operational mode has change..." matches=false
[2026-03-08T17:53:56.566Z] message-hooks: generic search complete, found=false, index=-1
[2026-03-08T17:53:56.566Z] message-hooks: no generic part found, checking for pending prompt return
[2026-03-08T17:54:04.955Z] session.idle: sessionID=ses_331743aa8ffeEJ6FJC4P0gvaYh
